08:14:13 ERROR: On line 1215 
08:14:15 ERROR: On line 1207 (MUTED!)
08:14:15 ERROR: On line 1207 (MUTED!)
08:14:15 ERROR: On line 1215 
08:14:17 ERROR: On line 1207 (MUTED!)
08:14:17 ERROR: On line 1207 (MUTED!)
08:14:17 ERROR: On line 1215 
08:14:19 ERROR: On line 1207 (MUTED!)
08:14:19 ERROR: On line 1207 (MUTED!)
08:14:19 ERROR: On line 1215 
08:14:21 ERROR: On line 1207 (MUTED!)
08:14:21 ERROR: On line 1207 (MUTED!)
08:14:21 ERROR: On line 1215 
08:14:24 ERROR: On line 1207 (MUTED!)
08:14:24 ERROR: On line 1207 (MUTED!)
08:14:24 ERROR: On line 1215 
08:14:26 ERROR: On line 1207 (MUTED!)
08:14:26 ERROR: On line 1207 (MUTED!)
08:14:26 ERROR: On line 1215 
08:14:28 ERROR: On line 1207 (MUTED!)
08:14:28 ERROR: On line 1207 (MUTED!)
08:14:28 ERROR: On line 1215 
08:14:30 ERROR: On line 1207 (MUTED!)
08:14:30 ERROR: On line 1207 (MUTED!)
08:14:30 ERROR: On line 1215 
08:14:32 ERROR: On line 1207 (MUTED!)
08:14:32 ERROR: On line 1207 (MUTED!)
08:14:32 ERROR: On line 1215 
08:14:34 ERROR: On line 1207 (MUTED!)
08:14:34 ERROR: On line 1207 (MUTED!)
08:14:34 ERROR: On line 1215 
08:14:36 ERROR: On line 1207 (MUTED!)
08:14:36 ERROR: On line 1207 (MUTED!)
08:14:36 ERROR: On line 1215 
08:14:38 ERROR: On line 1207 (MUTED!)
08:14:38 ERROR: On line 1207 (MUTED!)
08:14:38 ERROR: On line 1215 
 
New instance of bashtop version: 0.9.25 Pid: 75179
/usr/bin/bashtop: line 3405: pid_▼Pid:_graph: invalid variable name
 
New instance of bashtop version: 0.9.25 Pid: 78327
/usr/bin/bashtop: line 3405: pid_▼Pid:_graph: invalid variable name
 
New instance of bashtop version: 0.9.25 Pid: 5876
 
New instance of bashtop version: 0.9.25 Pid: 22127
 
New instance of bashtop version: 0.9.25 Pid: 42646
 
New instance of bashtop version: 0.9.25 Pid: 85149
 
New instance of bashtop version: 0.9.25 Pid: 11728
 
New instance of bashtop version: 0.9.25 Pid: 167268
 
New instance of bashtop version: 0.9.25 Pid: 35998
 
New instance of bashtop version: 0.9.25 Pid: 44819
 
New instance of bashtop version: 0.9.25 Pid: 8685
 
New instance of bashtop version: 0.9.25 Pid: 25155
 
New instance of bashtop version: 0.9.25 Pid: 30083
 
New instance of bashtop version: 0.9.25 Pid: 30952
 
New instance of bashtop version: 0.9.25 Pid: 39904
 
New instance of bashtop version: 0.9.25 Pid: 34659
 
New instance of bashtop version: 0.9.25 Pid: 62889
 
New instance of bashtop version: 0.9.25 Pid: 68482
 
New instance of bashtop version: 0.9.25 Pid: 26673
grep: Invalid regular expression
grep: Invalid regular expression
 
New instance of bashtop version: 0.9.25 Pid: 219816
 
New instance of bashtop version: 0.9.25 Pid: 31321
 
New instance of bashtop version: 0.9.25 Pid: 138908
 
New instance of bashtop version: 0.9.25 Pid: 142386
 
New instance of bashtop version: 0.9.25 Pid: 35055
 
New instance of bashtop version: 0.9.25 Pid: 130612
 
New instance of bashtop version: 0.9.25 Pid: 130811
 
New instance of bashtop version: 0.9.25 Pid: 181420
grep: Invalid regular expression
grep: Unmatched [, [^, [:, [., or [=
grep: Invalid regular expression
 
New instance of bashtop version: 0.9.25 Pid: 2067
 
New instance of bashtop version: 0.9.25 Pid: 57450
/usr/bin/bashtop: line 3405: pid_▼Pid:_graph: invalid variable name
 
New instance of bashtop version: 0.9.25 Pid: 62946
 
New instance of bashtop version: 0.9.25 Pid: 65974
 
New instance of bashtop version: 0.9.25 Pid: 18530
 
New instance of bashtop version: 0.9.25 Pid: 225850
 
New instance of bashtop version: 0.9.25 Pid: 413629
 
New instance of bashtop version: 0.9.25 Pid: 8609
 
New instance of bashtop version: 0.9.25 Pid: 52752
 
New instance of bashtop version: 0.9.25 Pid: 16914
 
New instance of bashtop version: 0.9.25 Pid: 2707
 
New instance of bashtop version: 0.9.25 Pid: 72149
 
New instance of bashtop version: 0.9.25 Pid: 73264
/usr/bin/bashtop: line 3405: pid_Pid:_graph: invalid variable name
 
New instance of bashtop version: 0.9.25 Pid: 73463
 
New instance of bashtop version: 0.9.25 Pid: 72834
 
New instance of bashtop version: 0.9.25 Pid: 83422
 
New instance of bashtop version: 0.9.25 Pid: 68803
 
New instance of bashtop version: 0.9.25 Pid: 79420
 
New instance of bashtop version: 0.9.25 Pid: 234926
 
New instance of bashtop version: 0.9.25 Pid: 37720
 
New instance of bashtop version: 0.9.25 Pid: 4249
 
New instance of bashtop version: 0.9.25 Pid: 3507
 
New instance of bashtop version: 0.9.25 Pid: 17277
 
New instance of bashtop version: 0.9.25 Pid: 651
 
New instance of bashtop version: 0.9.25 Pid: 24168
 
New instance of bashtop version: 0.9.25 Pid: 20387
 
New instance of bashtop version: 0.9.25 Pid: 3139
 
New instance of bashtop version: 0.9.25 Pid: 151154
 
New instance of bashtop version: 0.9.25 Pid: 3104
 
New instance of bashtop version: 0.9.25 Pid: 18793
 
New instance of bashtop version: 0.9.25 Pid: 21411
 
New instance of bashtop version: 0.9.25 Pid: 4270
 
New instance of bashtop version: 0.9.25 Pid: 61432
 
New instance of bashtop version: 0.9.25 Pid: 7500
 
New instance of bashtop version: 0.9.25 Pid: 40596
 
New instance of bashtop version: 0.9.25 Pid: 37656
 
New instance of bashtop version: 0.9.25 Pid: 118237
 
New instance of bashtop version: 0.9.25 Pid: 101133
 
New instance of bashtop version: 0.9.25 Pid: 177911
 
New instance of bashtop version: 0.9.25 Pid: 72422
 
New instance of bashtop version: 0.9.25 Pid: 39346
 
New instance of bashtop version: 0.9.25 Pid: 14615
 
New instance of bashtop version: 0.9.25 Pid: 63703
 
New instance of bashtop version: 0.9.25 Pid: 15934
 
New instance of bashtop version: 0.9.25 Pid: 26467
 
New instance of bashtop version: 0.9.25 Pid: 19189
 
New instance of bashtop version: 0.9.25 Pid: 11939
 
New instance of bashtop version: 0.9.25 Pid: 4821
 
New instance of bashtop version: 0.9.25 Pid: 659
 
New instance of bashtop version: 0.9.25 Pid: 148954
 
New instance of bashtop version: 0.9.25 Pid: 191066
 
New instance of bashtop version: 0.9.25 Pid: 121830
 
New instance of bashtop version: 0.9.25 Pid: 300315
 
New instance of bashtop version: 0.9.25 Pid: 87201
 
New instance of bashtop version: 0.9.25 Pid: 173088
 
New instance of bashtop version: 0.9.25 Pid: 157330
 
New instance of bashtop version: 0.9.25 Pid: 157840
 
New instance of bashtop version: 0.9.25 Pid: 158682
 
New instance of bashtop version: 0.9.25 Pid: 291984
 
New instance of bashtop version: 0.9.25 Pid: 293570
 
New instance of bashtop version: 0.9.25 Pid: 7221
 
New instance of bashtop version: 0.9.25 Pid: 28252
 
New instance of bashtop version: 0.9.25 Pid: 9523
 
New instance of bashtop version: 0.9.25 Pid: 89902
 
New instance of bashtop version: 0.9.25 Pid: 94680
 
New instance of bashtop version: 0.9.25 Pid: 294943
 
New instance of bashtop version: 0.9.25 Pid: 329527
 
New instance of bashtop version: 0.9.25 Pid: 392637
 
New instance of bashtop version: 0.9.25 Pid: 320205
 
New instance of bashtop version: 0.9.25 Pid: 66731
 
New instance of bashtop version: 0.9.25 Pid: 168524
 
New instance of bashtop version: 0.9.25 Pid: 362477
 
New instance of bashtop version: 0.9.25 Pid: 406692
 
New instance of bashtop version: 0.9.25 Pid: 429105
 
New instance of bashtop version: 0.9.25 Pid: 75820
 
New instance of bashtop version: 0.9.25 Pid: 76450
 
New instance of bashtop version: 0.9.25 Pid: 77340
 
New instance of bashtop version: 0.9.25 Pid: 149480
 
New instance of bashtop version: 0.9.25 Pid: 150739
 
New instance of bashtop version: 0.9.25 Pid: 253434
 
New instance of bashtop version: 0.9.25 Pid: 337091
 
New instance of bashtop version: 0.9.25 Pid: 393250
 
New instance of bashtop version: 0.9.25 Pid: 407593
 
New instance of bashtop version: 0.9.25 Pid: 414710
 
New instance of bashtop version: 0.9.25 Pid: 431956
 
New instance of bashtop version: 0.9.25 Pid: 928599
 
New instance of bashtop version: 0.9.25 Pid: 114042
 
New instance of bashtop version: 0.9.25 Pid: 4540
 
New instance of bashtop version: 0.9.25 Pid: 53858
 
New instance of bashtop version: 0.9.25 Pid: 78192
 
New instance of bashtop version: 0.9.25 Pid: 1905
 
New instance of bashtop version: 0.9.25 Pid: 133712
 
New instance of bashtop version: 0.9.25 Pid: 188809
 
New instance of bashtop version: 0.9.25 Pid: 191298
 
New instance of bashtop version: 0.9.25 Pid: 351740
 
New instance of bashtop version: 0.9.25 Pid: 44252
 
New instance of bashtop version: 0.9.25 Pid: 8864
 
New instance of bashtop version: 0.9.25 Pid: 130673
 
New instance of bashtop version: 0.9.25 Pid: 1209
 
New instance of bashtop version: 0.9.25 Pid: 108884
 
New instance of bashtop version: 0.9.25 Pid: 1158
 
New instance of bashtop version: 0.9.25 Pid: 3830
 
New instance of bashtop version: 0.9.25 Pid: 4985
 
New instance of bashtop version: 0.9.25 Pid: 7326
 
New instance of bashtop version: 0.9.25 Pid: 59983
 
New instance of bashtop version: 0.9.25 Pid: 942654
 
New instance of bashtop version: 0.9.25 Pid: 2543
grep: Invalid regular expression
 
New instance of bashtop version: 0.9.25 Pid: 1510
grep: Invalid regular expression
 
New instance of bashtop version: 0.9.25 Pid: 3364
 
New instance of bashtop version: 0.9.25 Pid: 4244
 
New instance of bashtop version: 0.9.25 Pid: 287011
/usr/bin/bashtop: line 3405: pid_Pid:_graph: invalid variable name
 
New instance of bashtop version: 0.9.25 Pid: 287435
/usr/bin/bashtop: line 3405: pid_Pid:_graph: invalid variable name
 
New instance of bashtop version: 0.9.25 Pid: 287902
 
New instance of bashtop version: 0.9.25 Pid: 288218
/usr/bin/bashtop: line 3405: pid_Pid:_graph: invalid variable name
 
New instance of bashtop version: 0.9.25 Pid: 291136
 
New instance of bashtop version: 0.9.25 Pid: 291595
 
New instance of bashtop version: 0.9.25 Pid: 78260
 
New instance of bashtop version: 0.9.25 Pid: 1985
 
New instance of bashtop version: 0.9.25 Pid: 169625
 
New instance of bashtop version: 0.9.25 Pid: 388127
 
New instance of bashtop version: 0.9.25 Pid: 2134
 
New instance of bashtop version: 0.9.25 Pid: 35459
 
New instance of bashtop version: 0.9.25 Pid: 210407
 
New instance of bashtop version: 0.9.25 Pid: 222217
 
New instance of bashtop version: 0.9.25 Pid: 49714
 
New instance of bashtop version: 0.9.25 Pid: 161775
 
New instance of bashtop version: 0.9.25 Pid: 21681
 
New instance of bashtop version: 0.9.25 Pid: 38219
 
New instance of bashtop version: 0.9.25 Pid: 2178
 
New instance of bashtop version: 0.9.25 Pid: 93971
/usr/bin/bashtop: line 3405: pid_Pid:_graph: invalid variable name
 
New instance of bashtop version: 0.9.25 Pid: 95635
16:24:04 ERROR: On line 2463 
16:24:04 ERROR: On line 2477 
error: list of process IDs must follow -p

Usage:
 ps [options]

 Try 'ps --help <simple|list|output|threads|misc|all>'
  or 'ps --help <s|l|o|t|m|a>'
 for additional help text.

For more details see ps(1).
 
New instance of bashtop version: 0.9.25 Pid: 189428
 
New instance of bashtop version: 0.9.25 Pid: 201456
 
New instance of bashtop version: 0.9.25 Pid: 1995
grep: Invalid regular expression
grep: Invalid regular expression
grep: Invalid regular expression
grep: Unmatched [, [^, [:, [., or [=
grep: Unmatched [, [^, [:, [., or [=
grep: Unmatched [, [^, [:, [., or [=
grep: Unmatched [, [^, [:, [., or [=
grep: Invalid regular expression
 
New instance of bashtop version: 0.9.25 Pid: 271048
 
New instance of bashtop version: 0.9.25 Pid: 1741
 
New instance of bashtop version: 0.9.25 Pid: 73828
 
New instance of bashtop version: 0.9.25 Pid: 96502
 
New instance of bashtop version: 0.9.25 Pid: 117815
 
New instance of bashtop version: 0.9.25 Pid: 50542
 
New instance of bashtop version: 0.9.25 Pid: 2123
 
New instance of bashtop version: 0.9.25 Pid: 40785
 
New instance of bashtop version: 0.9.25 Pid: 195762
 
New instance of bashtop version: 0.9.25 Pid: 457383
 
New instance of bashtop version: 0.9.25 Pid: 68251
 
New instance of bashtop version: 0.9.25 Pid: 203406
 
New instance of bashtop version: 0.9.25 Pid: 210792
 
New instance of bashtop version: 0.9.25 Pid: 286468
 
New instance of bashtop version: 0.9.25 Pid: 423303
 
New instance of bashtop version: 0.9.25 Pid: 172326
 
New instance of bashtop version: 0.9.25 Pid: 281290
 
New instance of bashtop version: 0.9.25 Pid: 311942
 
New instance of bashtop version: 0.9.25 Pid: 97438
 
New instance of bashtop version: 0.9.25 Pid: 309510
 
New instance of bashtop version: 0.9.25 Pid: 325895
 
New instance of bashtop version: 0.9.25 Pid: 928412
 
New instance of bashtop version: 0.9.25 Pid: 126205
 
New instance of bashtop version: 0.9.25 Pid: 157412
 
New instance of bashtop version: 0.9.25 Pid: 31475
 
New instance of bashtop version: 0.9.25 Pid: 35040
 
New instance of bashtop version: 0.9.25 Pid: 492472
 
New instance of bashtop version: 0.9.25 Pid: 502760
 
New instance of bashtop version: 0.9.25 Pid: 2863
 
New instance of bashtop version: 0.9.25 Pid: 40205
 
New instance of bashtop version: 0.9.25 Pid: 84216
 
New instance of bashtop version: 0.9.25 Pid: 84257
 
New instance of bashtop version: 0.9.25 Pid: 935753
 
New instance of bashtop version: 0.9.25 Pid: 218740
 
New instance of bashtop version: 0.9.25 Pid: 254216
 
New instance of bashtop version: 0.9.25 Pid: 58160
 
New instance of bashtop version: 0.9.25 Pid: 119765
 
New instance of bashtop version: 0.9.25 Pid: 279574
 
New instance of bashtop version: 0.9.25 Pid: 282790
 
New instance of bashtop version: 0.9.25 Pid: 325472
 
New instance of bashtop version: 0.9.25 Pid: 94085
 
New instance of bashtop version: 0.9.25 Pid: 353973
 
New instance of bashtop version: 0.9.25 Pid: 92938
 
New instance of bashtop version: 0.9.25 Pid: 203419
 
New instance of bashtop version: 0.9.25 Pid: 78776
 
New instance of bashtop version: 0.9.25 Pid: 163986
 
New instance of bashtop version: 0.9.25 Pid: 341304
 
New instance of bashtop version: 0.9.25 Pid: 348791
 
New instance of bashtop version: 0.9.25 Pid: 3729
 
New instance of bashtop version: 0.9.25 Pid: 10164
 
New instance of bashtop version: 0.9.25 Pid: 15534
 
New instance of bashtop version: 0.9.25 Pid: 91248
 
New instance of bashtop version: 0.9.25 Pid: 317498
 
New instance of bashtop version: 0.9.25 Pid: 325566
